\BOOKMARK [1][-]{section.1}{\376\377\000S\000u\000m\000m\000a\000r\000y}{}% 1
\BOOKMARK [2][-]{subsection.1.1}{\376\377\000M\000o\000t\000i\000v\000a\000t\000i\000o\000n}{section.1}% 2
\BOOKMARK [2][-]{subsection.1.2}{\376\377\000M\000o\000d\000e\000l\000\040\000E\000s\000s\000e\000n\000t\000i\000a\000l\000s}{section.1}% 3
\BOOKMARK [2][-]{subsection.1.3}{\376\377\000K\000e\000y\000\040\000I\000n\000s\000i\000g\000h\000t\000:\000\040\000S\000y\000m\000m\000e\000t\000r\000i\000c\000\040\000S\000i\000g\000n\000a\000l\000s\000\040\000D\000o\000m\000i\000n\000a\000t\000e}{section.1}% 4
\BOOKMARK [2][-]{subsection.1.4}{\376\377\000M\000a\000i\000n\000\040\000R\000e\000s\000u\000l\000t\000s}{section.1}% 5
\BOOKMARK [2][-]{subsection.1.5}{\376\377\000A\000p\000p\000l\000i\000c\000a\000t\000i\000o\000n}{section.1}% 6
\BOOKMARK [2][-]{subsection.1.6}{\376\377\000E\000x\000t\000e\000n\000s\000i\000o\000n\000s}{section.1}% 7
\BOOKMARK [1][-]{section.2}{\376\377\000C\000r\000i\000t\000i\000q\000u\000e}{}% 8
\BOOKMARK [2][-]{subsection.2.1}{\376\377\000S\000c\000a\000l\000a\000r\000\040\000H\000e\000t\000e\000r\000o\000g\000e\000n\000e\000i\000t\000y\000\040\000a\000n\000d\000\040\000t\000h\000e\000\040\000D\000u\000o\000p\000o\000l\000y\000\040\000R\000e\000s\000t\000r\000i\000c\000t\000i\000o\000n}{section.2}% 9
\BOOKMARK [2][-]{subsection.2.2}{\376\377\000P\000u\000r\000e\000-\000S\000t\000r\000a\000t\000e\000g\000y\000\040\000R\000e\000s\000t\000r\000i\000c\000t\000i\000o\000n}{section.2}% 10
\BOOKMARK [2][-]{subsection.2.3}{\376\377\000E\000x\000o\000g\000e\000n\000e\000i\000t\000y\000\040\000o\000f\000\040\000t\000h\000e\000\040\000S\000i\000g\000n\000a\000l\000\040\000S\000t\000r\000u\000c\000t\000u\000r\000e}{section.2}% 11
\BOOKMARK [2][-]{subsection.2.4}{\376\377\000S\000y\000m\000m\000e\000t\000r\000y\000\040\000o\000f\000\040\000t\000h\000e\000\040\000P\000r\000i\000o\000r}{section.2}% 12
\BOOKMARK [2][-]{subsection.2.5}{\376\377\000W\000e\000l\000f\000a\000r\000e\000\040\000M\000e\000t\000r\000i\000c\000\040\000a\000n\000d\000\040\000D\000y\000n\000a\000m\000i\000c\000\040\000C\000o\000n\000s\000i\000d\000e\000r\000a\000t\000i\000o\000n\000s}{section.2}% 13
\BOOKMARK [1][-]{section.3}{\376\377\000E\000x\000t\000e\000n\000s\000i\000o\000n\000:\000\040\000P\000l\000a\000t\000f\000o\000r\000m\000\040\000a\000s\000\040\000I\000n\000f\000o\000r\000m\000a\000t\000i\000o\000n\000\040\000D\000e\000s\000i\000g\000n\000e\000r}{}% 14
\BOOKMARK [2][-]{subsection.3.1}{\376\377\000M\000o\000t\000i\000v\000a\000t\000i\000o\000n}{section.3}% 15
\BOOKMARK [2][-]{subsection.3.2}{\376\377\000S\000e\000t\000u\000p}{section.3}% 16
\BOOKMARK [2][-]{subsection.3.3}{\376\377\000P\000a\000s\000s\000-\000T\000h\000r\000o\000u\000g\000h\000\040\000o\000f\000\040\000P\000e\000r\000-\000U\000n\000i\000t\000\040\000F\000e\000e\000s}{section.3}% 17
\BOOKMARK [2][-]{subsection.3.4}{\376\377\000C\000a\000s\000e\000\040\0001\000:\000\040\000P\000e\000r\000-\000U\000n\000i\000t\000\040\000F\000e\000e\000s\000\040\000O\000n\000l\000y}{section.3}% 18
\BOOKMARK [2][-]{subsection.3.5}{\376\377\000C\000a\000s\000e\000\040\0002\000:\000\040\000L\000u\000m\000p\000-\000S\000u\000m\000\040\000F\000e\000e\000s\000\040\000O\000n\000l\000y}{section.3}% 19
\BOOKMARK [2][-]{subsection.3.6}{\376\377\000C\000a\000s\000e\000\040\0003\000:\000\040\000M\000i\000x\000e\000d\000\040\000F\000e\000e\000s}{section.3}% 20
\BOOKMARK [2][-]{subsection.3.7}{\376\377\000C\000o\000m\000p\000a\000r\000i\000s\000o\000n\000\040\000a\000n\000d\000\040\000t\000h\000e\000\040\000F\000e\000e\000-\000S\000t\000r\000u\000c\000t\000u\000r\000e\000\040\000P\000a\000r\000a\000d\000o\000x}{section.3}% 21
\BOOKMARK [2][-]{subsection.3.8}{\376\377\000T\000a\000k\000e\000a\000w\000a\000y\000s}{section.3}% 22
\BOOKMARK [1][-]{appendix.A}{\376\377\000M\000a\000t\000h\000e\000m\000a\000t\000i\000c\000a\000l\000\040\000D\000e\000t\000a\000i\000l\000s\000\040\000f\000o\000r\000\040\000t\000h\000e\000\040\000P\000l\000a\000t\000f\000o\000r\000m\000\040\000E\000x\000t\000e\000n\000s\000i\000o\000n}{}% 23
\BOOKMARK [2][-]{subsection.A.1}{\376\377\000P\000a\000s\000s\000-\000T\000h\000r\000o\000u\000g\000h\000\040\000o\000f\000\040\000P\000e\000r\000-\000U\000n\000i\000t\000\040\000F\000e\000e\000s}{appendix.A}% 24
\BOOKMARK [2][-]{subsection.A.2}{\376\377\000P\000l\000a\000t\000f\000o\000r\000m\000'\000s\000\040\000P\000r\000o\000b\000l\000e\000m\000:\000\040\000P\000e\000r\000-\000U\000n\000i\000t\000\040\000F\000e\000e\000s}{appendix.A}% 25
\BOOKMARK [2][-]{subsection.A.3}{\376\377\000P\000l\000a\000t\000f\000o\000r\000m\000'\000s\000\040\000P\000r\000o\000b\000l\000e\000m\000:\000\040\000L\000u\000m\000p\000-\000S\000u\000m\000\040\000F\000e\000e\000s}{appendix.A}% 26
\BOOKMARK [2][-]{subsection.A.4}{\376\377\000P\000l\000a\000t\000f\000o\000r\000m\000'\000s\000\040\000P\000r\000o\000b\000l\000e\000m\000:\000\040\000M\000i\000x\000e\000d\000\040\000F\000e\000e\000s}{appendix.A}% 27
